<?xml version="1.0" encoding="UTF-8"?>
<!-- Generated by org.testng.reporters.JUnitReportReporter -->
<testsuite hostname="owners-mbp.lan" failures="0" tests="1" name="Clipboard.Amazon.AmazonHome" time="5.807" errors="0" timestamp="2022-07-23T14:03:16 PDT" skipped="0">
  <testcase classname="Clipboard.Amazon.AmazonHome" name="startingPage" time="5.807"/>
  <system-out/>
</testsuite> <!-- Clipboard.Amazon.AmazonHome -->
